<?xml version="1.0" encoding="UTF-8"?>
<testsuite xmlns:xsi="http://www.w3.org/2001/XMLSchema-instance" xsi:noNamespaceSchemaLocation="https://maven.apache.org/surefire/maven-surefire-plugin/xsd/surefire-test-report-3.0.xsd" version="3.0" name="com.avi.dashBoard.DashBoardApplicationTests" time="3.394" tests="1" errors="0" skipped="0" failures="0">
  <properties>
[...]
</properties>
  <testcase name="contextLoads" classname="com.avi.dashBoard.DashBoardApplicationTests" time="1.044">
    <system-out><![CDATA[22:23:21.951 [main] INFO org.springframework.test.context.support.AnnotationConfigContextLoaderUtils -- Could not detect default configuration classes for test class [com.avi.dashBoard.DashBoardApplicationTests]: DashBoardApplicationTests does not declare any static, non-private, non-final, nested classes annotated with @Configuration.
22:23:22.096 [main] INFO org.springframework.boot.test.context.SpringBootTestContextBootstrapper -- Found @SpringBootConfiguration com.avi.dashBoard.DashBoardApplication for test class com.avi.dashBoard.DashBoardApplicationTests
22:23:22.309 [main] INFO org.springframework.boot.devtools.restart.RestartApplicationListener -- Restart disabled due to context in which it is running
__        __   _                            _        
\ \      / /__| | ___ ___  _ __ ___   ___  | |_ ___  
 \ \ /\ / / _ \ |/ __/ _ \| '_ ` _ \ / _ \ | __/ _ \ 
  \ V  V /  __/ | (_| (_) | | | | | |  __/ | || (_) |
   \_/\_/ \___|_|\___\___/|_| |_| |_|\___|  \__\___/ 
                                                    
         :: Spring Boot Application Started ::

2025-05-27 22:23:22 INFO  c.a.d.DashBoardApplicationTests - Starting DashBoardApplicationTests using Java 17.0.10 with PID 3440 (started by abhij in D:\Project\Springboot\dashBoard)
2025-05-27 22:23:22 INFO  c.a.d.DashBoardApplicationTests - No active profile set, falling back to 1 default profile: "default"
2025-05-27 22:23:23 INFO  o.s.b.a.w.s.WelcomePageHandlerMapping - Adding welcome page template: index
2025-05-27 22:23:24 INFO  c.a.d.DashBoardApplicationTests - Started DashBoardApplicationTests in 1.752 seconds (process running for 3.2)
]]></system-out>
  </testcase>
</testsuite>